This file contains any messages produced by compilers while
running configure, to aid debugging if configure makes a mistake.

It was created by libpng configure 1.6.1, which was
generated by GNU Autoconf 2.69.  Invocation command line was

  $ ./configure --prefix=/Users/richard_kettering/Desktop/libPNG/libpng-1.6.1/build --disable-dependency-tracking

## --------- ##
## Platform. ##
## --------- ##

hostname = MacBook.local
uname -m = x86_64
uname -r = 12.3.0
uname -s = Darwin
uname -v = Darwin Kernel Version 12.3.0: Sun Jan  6 22:37:10 PST 2013; root:xnu-2050.22.13~1/RELEASE_X86_64

/usr/bin/uname -p = i386
/bin/uname -X     = unknown

/bin/arch              = unknown
/usr/bin/arch -k       = unknown
/usr/convex/getsysinfo = unknown
/usr/bin/hostinfo      = Mach kernel version:
	 Darwin Kernel Version 12.3.0: Sun Jan  6 22:37:10 PST 2013; root:xnu-2050.22.13~1/RELEASE_X86_64
Kernel configured for up to 2 processors.
2 processors are physically available.
2 processors are logically available.
Processor type: i486 (Intel 80486)
Processors active: 0 1
Primary memory available: 8.00 gigabytes
Default processor set: 134 tasks, 567 threads, 2 processors
Load average: 1.50, Mach factor: 1.16
/bin/machine           = unknown
/usr/bin/oslevel       = unknown
/bin/universe          = unknown

PATH: /usr/bin
PATH: /bin
PATH: /usr/sbin
PATH: /sbin
PATH: /usr/local/bin


## ----------- ##
## Core tests. ##
## ----------- ##

configure:2283: checking for a BSD-compatible install
configure:2351: result: /usr/bin/install -c
configure:2362: checking whether build environment is sane
configure:2417: result: yes
configure:2568: checking for a thread-safe mkdir -p
configure:2607: result: ./install-sh -c -d
configure:2614: checking for gawk
configure:2644: result: no
configure:2614: checking for mawk
configure:2644: result: no
configure:2614: checking for nawk
configure:2644: result: no
configure:2614: checking for awk
configure:2630: found /usr/bin/awk
configure:2641: result: awk
configure:2652: checking whether make sets $(MAKE)
configure:2674: result: yes
configure:2703: checking whether make supports nested variables
configure:2720: result: yes
configure:2803: checking whether to enable maintainer-specific portions of Makefiles
configure:2812: result: no
configure:2892: checking for gcc
configure:2908: found /usr/bin/gcc
configure:2919: result: gcc
configure:3148: checking for C compiler version
configure:3157: gcc --version >&5
i686-apple-darwin11-llvm-gcc-4.2 (GCC) 4.2.1 (Based on Apple Inc. build 5658) (LLVM build 2336.11.00)
Copyright (C) 2007 Free Software Foundation, Inc.
This is free software; see the source for copying conditions.  There is NO
warranty; not even for MERCHANTABILITY or FITNESS FOR A PARTICULAR PURPOSE.

configure:3168: $? = 0
configure:3157: gcc -v >&5
Using built-in specs.
Target: i686-apple-darwin11
Configured with: /private/var/tmp/llvmgcc42/llvmgcc42-2336.11~182/src/configure --disable-checking --enable-werror --prefix=/Applications/Xcode.app/Contents/Developer/usr/llvm-gcc-4.2 --mandir=/share/man --enable-languages=c,objc,c++,obj-c++ --program-prefix=llvm- --program-transform-name=/^[cg][^.-]*$/s/$/-4.2/ --with-slibdir=/usr/lib --build=i686-apple-darwin11 --enable-llvm=/private/var/tmp/llvmgcc42/llvmgcc42-2336.11~182/dst-llvmCore/Developer/usr/local --program-prefix=i686-apple-darwin11- --host=x86_64-apple-darwin11 --target=i686-apple-darwin11 --with-gxx-include-dir=/usr/include/c++/4.2.1
Thread model: posix
gcc version 4.2.1 (Based on Apple Inc. build 5658) (LLVM build 2336.11.00)
configure:3168: $? = 0
configure:3157: gcc -V >&5
llvm-gcc-4.2: argument to `-V' is missing
configure:3168: $? = 1
configure:3157: gcc -qversion >&5
i686-apple-darwin11-llvm-gcc-4.2: no input files
configure:3168: $? = 1
configure:3188: checking whether the C compiler works
configure:3210: gcc -arch i386 -arch x86_64  -arch i386 -arch x86_64 conftest.c  >&5
configure:3214: $? = 0
configure:3262: result: yes
configure:3265: checking for C compiler default output file name
configure:3267: result: a.out
configure:3273: checking for suffix of executables
configure:3280: gcc -o conftest -arch i386 -arch x86_64  -arch i386 -arch x86_64 conftest.c  >&5
configure:3284: $? = 0
configure:3306: result: 
configure:3328: checking whether we are cross compiling
configure:3336: gcc -o conftest -arch i386 -arch x86_64  -arch i386 -arch x86_64 conftest.c  >&5
configure:3340: $? = 0
configure:3347: ./conftest
configure:3351: $? = 0
configure:3366: result: no
configure:3371: checking for suffix of object files
configure:3393: gcc -c -arch i386 -arch x86_64  conftest.c >&5
configure:3397: $? = 0
configure:3418: result: o
configure:3422: checking whether we are using the GNU C compiler
configure:3441: gcc -c -arch i386 -arch x86_64  conftest.c >&5
configure:3441: $? = 0
configure:3450: result: yes
configure:3459: checking whether gcc accepts -g
configure:3479: gcc -c -g  conftest.c >&5
configure:3479: $? = 0
configure:3520: result: yes
configure:3537: checking for gcc option to accept ISO C89
configure:3600: gcc  -c -arch i386 -arch x86_64  conftest.c >&5
configure:3600: $? = 0
configure:3613: result: none needed
configure:3644: checking for style of include used by make
configure:3672: result: GNU
configure:3698: checking dependency style of gcc
configure:3809: result: none
configure:3833: checking dependency style of gcc
configure:3942: result: none
configure:3961: checking build system type
configure:3975: result: x86_64-apple-darwin12.3.0
configure:3995: checking host system type
configure:4008: result: x86_64-apple-darwin12.3.0
configure:4028: checking for a sed that does not truncate output
configure:4092: result: /usr/bin/sed
configure:4110: checking for grep that handles long lines and -e
configure:4168: result: /usr/bin/grep
configure:4173: checking for egrep
configure:4235: result: /usr/bin/grep -E
configure:4240: checking for fgrep
configure:4302: result: /usr/bin/grep -F
configure:4329: checking how to print strings
configure:4356: result: printf
configure:4389: checking for ld used by gcc
configure:4456: result: /usr/llvm-gcc-4.2/libexec/gcc/i686-apple-darwin11/4.2.1/ld
configure:4463: checking if the linker (/usr/llvm-gcc-4.2/libexec/gcc/i686-apple-darwin11/4.2.1/ld) is GNU ld
configure:4478: result: no
configure:4495: checking how to run the C preprocessor
configure:4526: gcc -E  conftest.c
configure:4526: $? = 0
configure:4540: gcc -E  conftest.c
conftest.c:11:28: error: ac_nonexistent.h: No such file or directory
configure:4540: $? = 1
configure: failed program was:
| /* confdefs.h */
| #define PACKAGE_NAME "libpng"
| #define PACKAGE_TARNAME "libpng"
| #define PACKAGE_VERSION "1.6.1"
| #define PACKAGE_STRING "libpng 1.6.1"
| #define PACKAGE_BUGREPORT "png-mng-implement@lists.sourceforge.net"
| #define PACKAGE_URL ""
| #define PACKAGE "libpng"
| #define VERSION "1.6.1"
| /* end confdefs.h.  */
| #include <ac_nonexistent.h>
configure:4565: result: gcc -E
configure:4585: gcc -E  conftest.c
configure:4585: $? = 0
configure:4599: gcc -E  conftest.c
conftest.c:11:28: error: ac_nonexistent.h: No such file or directory
configure:4599: $? = 1
configure: failed program was:
| /* confdefs.h */
| #define PACKAGE_NAME "libpng"
| #define PACKAGE_TARNAME "libpng"
| #define PACKAGE_VERSION "1.6.1"
| #define PACKAGE_STRING "libpng 1.6.1"
| #define PACKAGE_BUGREPORT "png-mng-implement@lists.sourceforge.net"
| #define PACKAGE_URL ""
| #define PACKAGE "libpng"
| #define VERSION "1.6.1"
| /* end confdefs.h.  */
| #include <ac_nonexistent.h>
configure:4631: checking for gawk
configure:4658: result: awk
configure:4670: checking whether ln -s works
configure:4674: result: yes
configure:4681: checking whether make sets $(MAKE)
configure:4703: result: yes
configure:4755: checking for BSD- or MS-compatible name lister (nm)
configure:4804: result: /usr/bin/nm
configure:4934: checking the name lister (/usr/bin/nm) interface
configure:4941: gcc -c -arch i386 -arch x86_64  conftest.c >&5
configure:4944: /usr/bin/nm "conftest.o"
configure:4947: output
0000000000000000 S _some_variable
configure:4954: result: BSD nm
configure:4958: checking the maximum length of command line arguments
configure:5088: result: 196608
configure:5105: checking whether the shell understands some XSI constructs
configure:5115: result: yes
configure:5119: checking whether the shell understands "+="
configure:5125: result: yes
configure:5160: checking how to convert x86_64-apple-darwin12.3.0 file names to x86_64-apple-darwin12.3.0 format
configure:5200: result: func_convert_file_noop
configure:5207: checking how to convert x86_64-apple-darwin12.3.0 file names to toolchain format
configure:5227: result: func_convert_file_noop
configure:5234: checking for /usr/llvm-gcc-4.2/libexec/gcc/i686-apple-darwin11/4.2.1/ld option to reload object files
configure:5241: result: -r
configure:5315: checking for objdump
configure:5345: result: no
configure:5371: checking how to recognize dependent libraries
configure:5573: result: pass_all
configure:5658: checking for dlltool
configure:5688: result: no
configure:5715: checking how to associate runtime and link libraries
configure:5742: result: printf %s\n
configure:5803: checking for ar
configure:5819: found /usr/bin/ar
configure:5830: result: ar
configure:5867: checking for archiver @FILE support
configure:5884: gcc -c -arch i386 -arch x86_64  conftest.c >&5
configure:5884: $? = 0
configure:5887: ar cru libconftest.a @conftest.lst >&5
ar: @conftest.lst: No such file or directory
configure:5890: $? = 1
configure:5910: result: no
configure:5968: checking for strip
configure:5984: found /usr/bin/strip
configure:5995: result: strip
configure:6067: checking for ranlib
configure:6083: found /usr/bin/ranlib
configure:6094: result: ranlib
configure:6196: checking command to parse /usr/bin/nm output from gcc object
configure:6316: gcc -c -arch i386 -arch x86_64  conftest.c >&5
configure:6319: $? = 0
configure:6323: /usr/bin/nm conftest.o \| sed -n -e 's/^.*[ ]\([BCDEGRST][BCDEGRST]*\)[ ][ ]*\([_A-Za-z][_A-Za-z0-9]*\)$/\1 \2 \2/p' | sed '/ __gnu_lto/d' \> conftest.nm
configure:6326: $? = 0
cannot find nm_test_var in conftest.nm
configure:6316: gcc -c -arch i386 -arch x86_64  conftest.c >&5
configure:6319: $? = 0
configure:6323: /usr/bin/nm conftest.o \| sed -n -e 's/^.*[ ]\([BCDEGRST][BCDEGRST]*\)[ ][ ]*_\([_A-Za-z][_A-Za-z0-9]*\)$/\1 _\2 \2/p' | sed '/ __gnu_lto/d' \> conftest.nm
configure:6326: $? = 0
configure:6392: gcc -o conftest -arch i386 -arch x86_64  -arch i386 -arch x86_64 conftest.c conftstm.o >&5
configure:6395: $? = 0
configure:6433: result: ok
configure:6470: checking for sysroot
configure:6500: result: no
configure:6756: checking for mt
configure:6786: result: no
configure:6806: checking if : is a manifest tool
configure:6812: : '-?'
configure:6820: result: no
configure:6876: checking for dsymutil
configure:6892: found /usr/bin/dsymutil
configure:6903: result: dsymutil
configure:6968: checking for nmedit
configure:6984: found /usr/bin/nmedit
configure:6995: result: nmedit
configure:7060: checking for lipo
configure:7076: found /usr/bin/lipo
configure:7087: result: lipo
configure:7152: checking for otool
configure:7168: found /usr/bin/otool
configure:7179: result: otool
configure:7244: checking for otool64
configure:7274: result: no
configure:7319: checking for -single_module linker flag
gcc -arch i386 -arch x86_64 -arch i386 -arch x86_64 -o libconftest.dylib -dynamiclib -Wl,-single_module conftest.c
configure:7352: result: yes
configure:7355: checking for -exported_symbols_list linker flag
configure:7375: gcc -o conftest -arch i386 -arch x86_64  -arch i386 -arch x86_64 -Wl,-exported_symbols_list,conftest.sym conftest.c  >&5
configure:7375: $? = 0
configure:7385: result: yes
configure:7388: checking for -force_load linker flag
gcc -arch i386 -arch x86_64 -c -o conftest.o conftest.c
ar cru libconftest.a conftest.o
ranlib libconftest.a
gcc -arch i386 -arch x86_64 -arch i386 -arch x86_64 -o conftest conftest.c -Wl,-force_load,./libconftest.a
configure:7420: result: yes
configure:7458: checking for ANSI C header files
configure:7478: gcc -c -arch i386 -arch x86_64  conftest.c >&5
configure:7478: $? = 0
configure:7551: gcc -o conftest -arch i386 -arch x86_64  -arch i386 -arch x86_64 conftest.c  >&5
configure:7551: $? = 0
configure:7551: ./conftest
configure:7551: $? = 0
configure:7562: result: yes
configure:7575: checking for sys/types.h
configure:7575: gcc -c -arch i386 -arch x86_64  conftest.c >&5
configure:7575: $? = 0
configure:7575: result: yes
configure:7575: checking for sys/stat.h
configure:7575: gcc -c -arch i386 -arch x86_64  conftest.c >&5
configure:7575: $? = 0
configure:7575: result: yes
configure:7575: checking for stdlib.h
configure:7575: gcc -c -arch i386 -arch x86_64  conftest.c >&5
configure:7575: $? = 0
configure:7575: result: yes
configure:7575: checking for string.h
configure:7575: gcc -c -arch i386 -arch x86_64  conftest.c >&5
configure:7575: $? = 0
configure:7575: result: yes
configure:7575: checking for memory.h
configure:7575: gcc -c -arch i386 -arch x86_64  conftest.c >&5
configure:7575: $? = 0
configure:7575: result: yes
configure:7575: checking for strings.h
configure:7575: gcc -c -arch i386 -arch x86_64  conftest.c >&5
configure:7575: $? = 0
configure:7575: result: yes
configure:7575: checking for inttypes.h
configure:7575: gcc -c -arch i386 -arch x86_64  conftest.c >&5
configure:7575: $? = 0
configure:7575: result: yes
configure:7575: checking for stdint.h
configure:7575: gcc -c -arch i386 -arch x86_64  conftest.c >&5
configure:7575: $? = 0
configure:7575: result: yes
configure:7575: checking for unistd.h
configure:7575: gcc -c -arch i386 -arch x86_64  conftest.c >&5
configure:7575: $? = 0
configure:7575: result: yes
configure:7589: checking for dlfcn.h
configure:7589: gcc -c -arch i386 -arch x86_64  conftest.c >&5
configure:7589: $? = 0
configure:7589: result: yes
configure:8093: checking for objdir
configure:8108: result: .libs
configure:8379: checking if gcc supports -fno-rtti -fno-exceptions
configure:8397: gcc -c -arch i386 -arch x86_64  -fno-rtti -fno-exceptions conftest.c >&5
cc1: warning: command line option "-fno-rtti" is valid for C++/ObjC++ but not for C
cc1: warning: command line option "-fno-rtti" is valid for C++/ObjC++ but not for C
configure:8401: $? = 0
configure:8414: result: no
configure:8741: checking for gcc option to produce PIC
configure:8748: result: -fno-common -DPIC
configure:8756: checking if gcc PIC flag -fno-common -DPIC works
configure:8774: gcc -c -arch i386 -arch x86_64  -fno-common -DPIC -DPIC conftest.c >&5
configure:8778: $? = 0
configure:8791: result: yes
configure:8820: checking if gcc static flag -static works
configure:8848: result: no
configure:8863: checking if gcc supports -c -o file.o
configure:8884: gcc -c -arch i386 -arch x86_64  -o out/conftest2.o conftest.c >&5
configure:8888: $? = 0
configure:8910: result: yes
configure:8918: checking if gcc supports -c -o file.o
configure:8965: result: yes
configure:8998: checking whether the gcc linker (/usr/llvm-gcc-4.2/libexec/gcc/i686-apple-darwin11/4.2.1/ld) supports shared libraries
configure:10151: result: yes
configure:10391: checking dynamic linker characteristics
configure:11124: result: darwin12.3.0 dyld
configure:11231: checking how to hardcode library paths into programs
configure:11256: result: immediate
configure:11796: checking whether stripping libraries is possible
configure:11810: result: yes
configure:11836: checking if libtool supports shared libraries
configure:11838: result: yes
configure:11841: checking whether to build shared libraries
configure:11862: result: yes
configure:11865: checking whether to build static libraries
configure:11869: result: yes
configure:11910: checking that AWK works
configure:11916: result: ok
configure:11964: checking for ANSI C header files
configure:12068: result: yes
configure:12078: checking for an ANSI C-conforming const
configure:12144: gcc -c -arch i386 -arch x86_64  conftest.c >&5
configure:12144: $? = 0
configure:12151: result: yes
configure:12159: checking for size_t
configure:12159: gcc -c -arch i386 -arch x86_64  conftest.c >&5
configure:12159: $? = 0
configure:12159: gcc -c -arch i386 -arch x86_64  conftest.c >&5
conftest.c: In function 'main':
conftest.c:60: error: expected expression before ')' token
conftest.c: In function 'main':
conftest.c:60: error: expected expression before ')' token
lipo: can't figure out the architecture type of: /var/folders/j9/lv0bj2hn3wb9wty6vzk999zc0000gn/T//cc5jxqKP.out
configure:12159: $? = 1
configure: failed program was:
| /* confdefs.h */
| #define PACKAGE_NAME "libpng"
| #define PACKAGE_TARNAME "libpng"
| #define PACKAGE_VERSION "1.6.1"
| #define PACKAGE_STRING "libpng 1.6.1"
| #define PACKAGE_BUGREPORT "png-mng-implement@lists.sourceforge.net"
| #define PACKAGE_URL ""
| #define PACKAGE "libpng"
| #define VERSION "1.6.1"
| #define STDC_HEADERS 1
| #define HAVE_SYS_TYPES_H 1
| #define HAVE_SYS_STAT_H 1
| #define HAVE_STDLIB_H 1
| #define HAVE_STRING_H 1
| #define HAVE_MEMORY_H 1
| #define HAVE_STRINGS_H 1
| #define HAVE_INTTYPES_H 1
| #define HAVE_STDINT_H 1
| #define HAVE_UNISTD_H 1
| #define HAVE_DLFCN_H 1
| #define LT_OBJDIR ".libs/"
| #define STDC_HEADERS 1
| /* end confdefs.h.  */
| #include <stdio.h>
| #ifdef HAVE_SYS_TYPES_H
| # include <sys/types.h>
| #endif
| #ifdef HAVE_SYS_STAT_H
| # include <sys/stat.h>
| #endif
| #ifdef STDC_HEADERS
| # include <stdlib.h>
| # include <stddef.h>
| #else
| # ifdef HAVE_STDLIB_H
| #  include <stdlib.h>
| # endif
| #endif
| #ifdef HAVE_STRING_H
| # if !defined STDC_HEADERS && defined HAVE_MEMORY_H
| #  include <memory.h>
| # endif
| # include <string.h>
| #endif
| #ifdef HAVE_STRINGS_H
| # include <strings.h>
| #endif
| #ifdef HAVE_INTTYPES_H
| # include <inttypes.h>
| #endif
| #ifdef HAVE_STDINT_H
| # include <stdint.h>
| #endif
| #ifdef HAVE_UNISTD_H
| # include <unistd.h>
| #endif
| int
| main ()
| {
| if (sizeof ((size_t)))
| 	    return 0;
|   ;
|   return 0;
| }
configure:12159: result: yes
configure:12170: checking whether struct tm is in sys/time.h or time.h
configure:12190: gcc -c -arch i386 -arch x86_64  conftest.c >&5
configure:12190: $? = 0
configure:12197: result: time.h
configure:12205: checking for C/C++ restrict keyword
configure:12230: gcc -c -arch i386 -arch x86_64  conftest.c >&5
configure:12230: $? = 0
configure:12238: result: __restrict
configure:12253: checking for working strtod
configure:12294: gcc -o conftest -arch i386 -arch x86_64  -arch i386 -arch x86_64 conftest.c  >&5
configure:12294: $? = 0
configure:12294: ./conftest
configure:12294: $? = 0
configure:12304: result: yes
configure:12368: checking for memset
configure:12368: gcc -o conftest -arch i386 -arch x86_64  -arch i386 -arch x86_64 conftest.c  >&5
conftest.c:48: warning: conflicting types for built-in function 'memset'
conftest.c:48: warning: conflicting types for built-in function 'memset'
configure:12368: $? = 0
configure:12368: result: yes
configure:12381: checking for pow
configure:12381: gcc -o conftest -arch i386 -arch x86_64  -arch i386 -arch x86_64 conftest.c  >&5
conftest.c:49: warning: conflicting types for built-in function 'pow'
conftest.c:49: warning: conflicting types for built-in function 'pow'
configure:12381: $? = 0
configure:12381: result: yes
configure:12446: checking for zlibVersion in -lz
configure:12471: gcc -o conftest -arch i386 -arch x86_64  -arch i386 -arch x86_64 conftest.c -lz   >&5
configure:12471: $? = 0
configure:12480: result: yes
configure:12545: checking for feenableexcept in -lm
configure:12570: gcc -o conftest -arch i386 -arch x86_64  -arch i386 -arch x86_64 conftest.c -lm  -lz  >&5
Undefined symbols for architecture i386:
  "_feenableexcept", referenced from:
      _main in ccc8iIuj.o
ld: symbol(s) not found for architecture i386
collect2: ld returned 1 exit status
Undefined symbols for architecture x86_64:
  "_feenableexcept", referenced from:
      _main in cc4QkmqM.o
ld: symbol(s) not found for architecture x86_64
collect2: ld returned 1 exit status
lipo: can't open input file: /var/folders/j9/lv0bj2hn3wb9wty6vzk999zc0000gn/T//cciQTy6S.out (No such file or directory)
configure:12570: $? = 1
configure: failed program was:
| /* confdefs.h */
| #define PACKAGE_NAME "libpng"
| #define PACKAGE_TARNAME "libpng"
| #define PACKAGE_VERSION "1.6.1"
| #define PACKAGE_STRING "libpng 1.6.1"
| #define PACKAGE_BUGREPORT "png-mng-implement@lists.sourceforge.net"
| #define PACKAGE_URL ""
| #define PACKAGE "libpng"
| #define VERSION "1.6.1"
| #define STDC_HEADERS 1
| #define HAVE_SYS_TYPES_H 1
| #define HAVE_SYS_STAT_H 1
| #define HAVE_STDLIB_H 1
| #define HAVE_STRING_H 1
| #define HAVE_MEMORY_H 1
| #define HAVE_STRINGS_H 1
| #define HAVE_INTTYPES_H 1
| #define HAVE_STDINT_H 1
| #define HAVE_UNISTD_H 1
| #define HAVE_DLFCN_H 1
| #define LT_OBJDIR ".libs/"
| #define STDC_HEADERS 1
| #define restrict __restrict
| #define HAVE_MEMSET 1
| #define HAVE_POW 1
| #define HAVE_LIBZ 1
| /* end confdefs.h.  */
| 
| /* Override any GCC internal prototype to avoid an error.
|    Use char because int might match the return type of a GCC
|    builtin and then its argument prototype would still apply.  */
| #ifdef __cplusplus
| extern "C"
| #endif
| char feenableexcept ();
| int
| main ()
| {
| return feenableexcept ();
|   ;
|   return 0;
| }
configure:12579: result: no
configure:12592: checking for feenableexcept
configure:12592: gcc -o conftest -arch i386 -arch x86_64  -arch i386 -arch x86_64 conftest.c -lz  >&5
Undefined symbols for architecture i386:
  "_feenableexcept", referenced from:
      _main in ccFkV39t.o
ld: symbol(s) not found for architecture i386
collect2: ld returned 1 exit status
Undefined symbols for architecture x86_64:
  "_feenableexcept", referenced from:
      _main in ccHLP0wp.o
ld: symbol(s) not found for architecture x86_64
collect2: ld returned 1 exit status
lipo: can't open input file: /var/folders/j9/lv0bj2hn3wb9wty6vzk999zc0000gn/T//ccwM7bdg.out (No such file or directory)
configure:12592: $? = 1
configure: failed program was:
| /* confdefs.h */
| #define PACKAGE_NAME "libpng"
| #define PACKAGE_TARNAME "libpng"
| #define PACKAGE_VERSION "1.6.1"
| #define PACKAGE_STRING "libpng 1.6.1"
| #define PACKAGE_BUGREPORT "png-mng-implement@lists.sourceforge.net"
| #define PACKAGE_URL ""
| #define PACKAGE "libpng"
| #define VERSION "1.6.1"
| #define STDC_HEADERS 1
| #define HAVE_SYS_TYPES_H 1
| #define HAVE_SYS_STAT_H 1
| #define HAVE_STDLIB_H 1
| #define HAVE_STRING_H 1
| #define HAVE_MEMORY_H 1
| #define HAVE_STRINGS_H 1
| #define HAVE_INTTYPES_H 1
| #define HAVE_STDINT_H 1
| #define HAVE_UNISTD_H 1
| #define HAVE_DLFCN_H 1
| #define LT_OBJDIR ".libs/"
| #define STDC_HEADERS 1
| #define restrict __restrict
| #define HAVE_MEMSET 1
| #define HAVE_POW 1
| #define HAVE_LIBZ 1
| /* end confdefs.h.  */
| /* Define feenableexcept to an innocuous variant, in case <limits.h> declares feenableexcept.
|    For example, HP-UX 11i <limits.h> declares gettimeofday.  */
| #define feenableexcept innocuous_feenableexcept
| 
| /* System header to define __stub macros and hopefully few prototypes,
|     which can conflict with char feenableexcept (); below.
|     Prefer <limits.h> to <assert.h> if __STDC__ is defined, since
|     <limits.h> exists even on freestanding compilers.  */
| 
| #ifdef __STDC__
| # include <limits.h>
| #else
| # include <assert.h>
| #endif
| 
| #undef feenableexcept
| 
| /* Override any GCC internal prototype to avoid an error.
|    Use char because int might match the return type of a GCC
|    builtin and then its argument prototype would still apply.  */
| #ifdef __cplusplus
| extern "C"
| #endif
| char feenableexcept ();
| /* The GNU C library defines this for functions which it implements
|     to always fail with ENOSYS.  Some functions are actually named
|     something starting with __ and the normal name is an alias.  */
| #if defined __stub_feenableexcept || defined __stub___feenableexcept
| choke me
| #endif
| 
| int
| main ()
| {
| return feenableexcept ();
|   ;
|   return 0;
| }
configure:12592: result: no
configure:12602: checking if using Solaris linker
configure:12611: result: no
configure:12623: checking if libraries can be versioned
configure:12648: result: no
configure:12650: WARNING: *** You have not enabled versioned symbols.
configure:12695: pkgconfig directory is ${libdir}/pkgconfig
configure:12774: Extra options for compiler: 
configure:12892: checking that generated files are newer than configure
configure:12898: result: done
configure:12945: creating ./config.status

## ---------------------- ##
## Running config.status. ##
## ---------------------- ##

This file was extended by libpng config.status 1.6.1, which was
generated by GNU Autoconf 2.69.  Invocation command line was

  CONFIG_FILES    = 
  CONFIG_HEADERS  = 
  CONFIG_LINKS    = 
  CONFIG_COMMANDS = 
  $ ./config.status 

on MacBook.local

config.status:1114: creating Makefile
config.status:1114: creating libpng.pc
config.status:1114: creating libpng-config
config.status:1114: creating config.h
config.status:1295: config.h is unchanged
config.status:1343: executing depfiles commands
config.status:1343: executing libtool commands

## ---------------- ##
## Cache variables. ##
## ---------------- ##

ac_cv_build=x86_64-apple-darwin12.3.0
ac_cv_c_compiler_gnu=yes
ac_cv_c_const=yes
ac_cv_c_restrict=__restrict
ac_cv_env_CCASFLAGS_set=
ac_cv_env_CCASFLAGS_value=
ac_cv_env_CCAS_set=
ac_cv_env_CCAS_value=
ac_cv_env_CC_set=
ac_cv_env_CC_value=
ac_cv_env_CFLAGS_set=set
ac_cv_env_CFLAGS_value='-arch i386 -arch x86_64'
ac_cv_env_CPPFLAGS_set=
ac_cv_env_CPPFLAGS_value=
ac_cv_env_CPP_set=
ac_cv_env_CPP_value=
ac_cv_env_LDFLAGS_set=set
ac_cv_env_LDFLAGS_value='-arch i386 -arch x86_64'
ac_cv_env_LIBS_set=
ac_cv_env_LIBS_value=
ac_cv_env_PNG_COPTS_set=
ac_cv_env_PNG_COPTS_value=
ac_cv_env_build_alias_set=
ac_cv_env_build_alias_value=
ac_cv_env_host_alias_set=
ac_cv_env_host_alias_value=
ac_cv_env_target_alias_set=
ac_cv_env_target_alias_value=
ac_cv_func_feenableexcept=no
ac_cv_func_memset=yes
ac_cv_func_pow=yes
ac_cv_func_strtod=yes
ac_cv_header_dlfcn_h=yes
ac_cv_header_inttypes_h=yes
ac_cv_header_memory_h=yes
ac_cv_header_stdc=yes
ac_cv_header_stdint_h=yes
ac_cv_header_stdlib_h=yes
ac_cv_header_string_h=yes
ac_cv_header_strings_h=yes
ac_cv_header_sys_stat_h=yes
ac_cv_header_sys_types_h=yes
ac_cv_header_unistd_h=yes
ac_cv_host=x86_64-apple-darwin12.3.0
ac_cv_lib_m_feenableexcept=no
ac_cv_lib_z_zlibVersion=yes
ac_cv_objext=o
ac_cv_path_EGREP='/usr/bin/grep -E'
ac_cv_path_FGREP='/usr/bin/grep -F'
ac_cv_path_GREP=/usr/bin/grep
ac_cv_path_SED=/usr/bin/sed
ac_cv_path_install='/usr/bin/install -c'
ac_cv_prog_AWK=awk
ac_cv_prog_CPP='gcc -E'
ac_cv_prog_ac_ct_AR=ar
ac_cv_prog_ac_ct_CC=gcc
ac_cv_prog_ac_ct_DSYMUTIL=dsymutil
ac_cv_prog_ac_ct_LIPO=lipo
ac_cv_prog_ac_ct_NMEDIT=nmedit
ac_cv_prog_ac_ct_OTOOL=otool
ac_cv_prog_ac_ct_RANLIB=ranlib
ac_cv_prog_ac_ct_STRIP=strip
ac_cv_prog_cc_c89=
ac_cv_prog_cc_g=yes
ac_cv_prog_make_make_set=yes
ac_cv_struct_tm=time.h
ac_cv_type_size_t=yes
am_cv_CCAS_dependencies_compiler_type=none
am_cv_CC_dependencies_compiler_type=none
am_cv_make_support_nested_variables=yes
lt_cv_apple_cc_single_mod=yes
lt_cv_ar_at_file=no
lt_cv_deplibs_check_method=pass_all
lt_cv_file_magic_cmd='$MAGIC_CMD'
lt_cv_file_magic_test_file=
lt_cv_ld_exported_symbols_list=yes
lt_cv_ld_force_load=yes
lt_cv_ld_reload_flag=-r
lt_cv_nm_interface='BSD nm'
lt_cv_objdir=.libs
lt_cv_path_LD=/usr/llvm-gcc-4.2/libexec/gcc/i686-apple-darwin11/4.2.1/ld
lt_cv_path_NM=/usr/bin/nm
lt_cv_path_mainfest_tool=no
lt_cv_prog_compiler_c_o=yes
lt_cv_prog_compiler_pic='-fno-common -DPIC'
lt_cv_prog_compiler_pic_works=yes
lt_cv_prog_compiler_rtti_exceptions=no
lt_cv_prog_compiler_static_works=no
lt_cv_prog_gnu_ld=no
lt_cv_sharedlib_from_linklib_cmd='printf %s\n'
lt_cv_sys_global_symbol_pipe='sed -n -e '\''s/^.*[	 ]\([BCDEGRST][BCDEGRST]*\)[	 ][	 ]*_\([_A-Za-z][_A-Za-z0-9]*\)$/\1 _\2 \2/p'\'' | sed '\''/ __gnu_lto/d'\'''
lt_cv_sys_global_symbol_to_c_name_address='sed -n -e '\''s/^: \([^ ]*\)[ ]*$/  {\"\1\", (void *) 0},/p'\'' -e '\''s/^[BCDEGRST]* \([^ ]*\) \([^ ]*\)$/  {"\2", (void *) \&\2},/p'\'''
lt_cv_sys_global_symbol_to_c_name_address_lib_prefix='sed -n -e '\''s/^: \([^ ]*\)[ ]*$/  {\"\1\", (void *) 0},/p'\'' -e '\''s/^[BCDEGRST]* \([^ ]*\) \(lib[^ ]*\)$/  {"\2", (void *) \&\2},/p'\'' -e '\''s/^[BCDEGRST]* \([^ ]*\) \([^ ]*\)$/  {"lib\2", (void *) \&\2},/p'\'''
lt_cv_sys_global_symbol_to_cdecl='sed -n -e '\''s/^T .* \(.*\)$/extern int \1();/p'\'' -e '\''s/^[BCDEGRST]* .* \(.*\)$/extern char \1;/p'\'''
lt_cv_sys_max_cmd_len=196608
lt_cv_to_host_file_cmd=func_convert_file_noop
lt_cv_to_tool_file_cmd=func_convert_file_noop

## ----------------- ##
## Output variables. ##
## ----------------- ##

ACLOCAL='${SHELL} /Users/richard_kettering/Desktop/libPNG/libpng-1.6.1/missing aclocal-1.13'
AMDEPBACKSLASH=''
AMDEP_FALSE=''
AMDEP_TRUE='#'
AMTAR='$${TAR-tar}'
AM_BACKSLASH='\'
AM_CCASFLAGS='-Wa,--noexecstack'
AM_DEFAULT_V='$(AM_DEFAULT_VERBOSITY)'
AM_DEFAULT_VERBOSITY='1'
AM_V='$(V)'
AR='ar'
AS='as'
AUTOCONF='${SHELL} /Users/richard_kettering/Desktop/libPNG/libpng-1.6.1/missing autoconf'
AUTOHEADER='${SHELL} /Users/richard_kettering/Desktop/libPNG/libpng-1.6.1/missing autoheader'
AUTOMAKE='${SHELL} /Users/richard_kettering/Desktop/libPNG/libpng-1.6.1/missing automake-1.13'
AWK='awk'
CC='gcc'
CCAS='gcc'
CCASDEPMODE='depmode=none'
CCASFLAGS='-arch i386 -arch x86_64'
CCDEPMODE='depmode=none'
CFLAGS='-arch i386 -arch x86_64'
CPP='gcc -E'
CPPFLAGS=''
CYGPATH_W='echo'
DEFS='-DHAVE_CONFIG_H'
DEPDIR='.deps'
DFNCPP='gcc -E'
DLLTOOL='false'
DO_PNG_PREFIX_FALSE=''
DO_PNG_PREFIX_TRUE='#'
DSYMUTIL='dsymutil'
DUMPBIN=''
ECHO_C='\c'
ECHO_N=''
ECHO_T=''
EGREP='/usr/bin/grep -E'
EXEEXT=''
FGREP='/usr/bin/grep -F'
GREP='/usr/bin/grep'
HAVE_LD_VERSION_SCRIPT_FALSE=''
HAVE_LD_VERSION_SCRIPT_TRUE='#'
HAVE_SOLARIS_LD_FALSE=''
HAVE_SOLARIS_LD_TRUE='#'
INSTALL_DATA='${INSTALL} -m 644'
INSTALL_PROGRAM='${INSTALL}'
INSTALL_SCRIPT='${INSTALL}'
INSTALL_STRIP_PROGRAM='$(install_sh) -c -s'
LD='/usr/llvm-gcc-4.2/libexec/gcc/i686-apple-darwin11/4.2.1/ld'
LDFLAGS='-arch i386 -arch x86_64'
LIBOBJS=''
LIBS='-lz '
LIBTOOL='$(SHELL) $(top_builddir)/libtool'
LIPO='lipo'
LN_S='ln -s'
LTLIBOBJS=''
MAINT='#'
MAINTAINER_MODE_FALSE=''
MAINTAINER_MODE_TRUE='#'
MAKEINFO='${SHELL} /Users/richard_kettering/Desktop/libPNG/libpng-1.6.1/missing makeinfo'
MANIFEST_TOOL=':'
MKDIR_P='./install-sh -c -d'
NM='/usr/bin/nm'
NMEDIT='nmedit'
OBJDUMP='false'
OBJEXT='o'
OTOOL64=':'
OTOOL='otool'
PACKAGE='libpng'
PACKAGE_BUGREPORT='png-mng-implement@lists.sourceforge.net'
PACKAGE_NAME='libpng'
PACKAGE_STRING='libpng 1.6.1'
PACKAGE_TARNAME='libpng'
PACKAGE_URL=''
PACKAGE_VERSION='1.6.1'
PATH_SEPARATOR=':'
PNGLIB_MAJOR='1'
PNGLIB_MINOR='6'
PNGLIB_RELEASE='1'
PNGLIB_VERSION='1.6.1'
PNG_ARM_NEON_FALSE=''
PNG_ARM_NEON_TRUE='#'
PNG_COPTS=''
PNG_PREFIX=''
POW_LIB=''
RANLIB='ranlib'
SED='/usr/bin/sed'
SET_MAKE=''
SHELL='/bin/sh'
STRIP='strip'
SYMBOL_PREFIX=''
VERSION='1.6.1'
ac_ct_AR='ar'
ac_ct_CC='gcc'
ac_ct_DUMPBIN=''
am__EXEEXT_FALSE=''
am__EXEEXT_TRUE='#'
am__fastdepCCAS_FALSE=''
am__fastdepCCAS_TRUE='#'
am__fastdepCC_FALSE=''
am__fastdepCC_TRUE='#'
am__include='include'
am__isrc=''
am__leading_dot='.'
am__nodep=''
am__quote=''
am__tar='$${TAR-tar} chof - "$$tardir"'
am__untar='$${TAR-tar} xf -'
binconfigs='${binconfigs}'
bindir='${exec_prefix}/bin'
build='x86_64-apple-darwin12.3.0'
build_alias=''
build_cpu='x86_64'
build_os='darwin12.3.0'
build_vendor='apple'
datadir='${datarootdir}'
datarootdir='${prefix}/share'
docdir='${datarootdir}/doc/${PACKAGE_TARNAME}'
dvidir='${docdir}'
exec_prefix='${prefix}'
host='x86_64-apple-darwin12.3.0'
host_alias=''
host_cpu='x86_64'
host_os='darwin12.3.0'
host_vendor='apple'
htmldir='${docdir}'
includedir='${prefix}/include'
infodir='${datarootdir}/info'
install_sh='${SHELL} /Users/richard_kettering/Desktop/libPNG/libpng-1.6.1/install-sh'
libdir='${exec_prefix}/lib'
libexecdir='${exec_prefix}/libexec'
localedir='${datarootdir}/locale'
localstatedir='${prefix}/var'
mandir='${datarootdir}/man'
mkdir_p='$(MKDIR_P)'
oldincludedir='/usr/include'
pdfdir='${docdir}'
pkgconfigdir='${libdir}/pkgconfig'
prefix='/Users/richard_kettering/Desktop/libPNG/libpng-1.6.1/build'
program_transform_name='s,x,x,'
psdir='${docdir}'
sbindir='${exec_prefix}/sbin'
sharedstatedir='${prefix}/com'
sysconfdir='${prefix}/etc'
target_alias=''

## ----------- ##
## confdefs.h. ##
## ----------- ##

/* confdefs.h */
#define PACKAGE_NAME "libpng"
#define PACKAGE_TARNAME "libpng"
#define PACKAGE_VERSION "1.6.1"
#define PACKAGE_STRING "libpng 1.6.1"
#define PACKAGE_BUGREPORT "png-mng-implement@lists.sourceforge.net"
#define PACKAGE_URL ""
#define PACKAGE "libpng"
#define VERSION "1.6.1"
#define STDC_HEADERS 1
#define HAVE_SYS_TYPES_H 1
#define HAVE_SYS_STAT_H 1
#define HAVE_STDLIB_H 1
#define HAVE_STRING_H 1
#define HAVE_MEMORY_H 1
#define HAVE_STRINGS_H 1
#define HAVE_INTTYPES_H 1
#define HAVE_STDINT_H 1
#define HAVE_UNISTD_H 1
#define HAVE_DLFCN_H 1
#define LT_OBJDIR ".libs/"
#define STDC_HEADERS 1
#define restrict __restrict
#define HAVE_MEMSET 1
#define HAVE_POW 1
#define HAVE_LIBZ 1

configure: exit 0
